Build started 7/17/2014 8:11:20 PM.
     1>Project "D:\visual studio2013 works\AnilSirFile IO\tanvir\tanvir\tanvir.vcxproj" on node 2 (Build target(s)).
     1>ClCompile:
         C:\Program Files\Microsoft Visual Studio 12.0\VC\bin\CL.exe /c /ZI /nologo /W3 /WX- /sdl /Od /Oy- /D WIN32 /D _DEBUG /D _CONSOLE /D _LIB /D _UNICODE /D UNICODE /Gm /EHsc /RTC1 /MDd /GS /fp:precise /Zc:wchar_t /Zc:forScope /Yu"stdafx.h" /Fp"Debug\tanvir.pch" /Fo"Debug\\" /Fd"Debug\vc120.pdb" /Gd /TP /analyze- /errorReport:prompt C:\Users\arefin\Desktop\tanvir\RR.cpp C:\Users\arefin\Desktop\tanvir\SJF.cpp C:\Users\arefin\Desktop\tanvir\priority.cpp tanvir.cpp
         tanvir.cpp
     1>d:\visual studio2013 works\anilsirfile io\tanvir\tanvir\tanvir.cpp(55): error C4996: 'scanf': This function or variable may be unsafe. Consider using scanf_s instead. To disable deprecation, use _CRT_SECURE_NO_WARNINGS. See online help for details.
                 c:\program files\microsoft visual studio 12.0\vc\include\stdio.h(283) : see declaration of 'scanf'
         priority.cpp
     1>c:\users\arefin\desktop\tanvir\priority.cpp(21): error C4996: 'scanf': This function or variable may be unsafe. Consider using scanf_s instead. To disable deprecation, use _CRT_SECURE_NO_WARNINGS. See online help for details.
                 c:\program files\microsoft visual studio 12.0\vc\include\stdio.h(283) : see declaration of 'scanf'
     1>c:\users\arefin\desktop\tanvir\priority.cpp(22): error C2057: expected constant expression
     1>c:\users\arefin\desktop\tanvir\priority.cpp(22): error C2466: cannot allocate an array of constant size 0
     1>c:\users\arefin\desktop\tanvir\priority.cpp(22): error C2133: 'construct' : unknown size
         SJF.cpp
     1>c:\users\arefin\desktop\tanvir\sjf.cpp(21): error C4996: 'scanf': This function or variable may be unsafe. Consider using scanf_s instead. To disable deprecation, use _CRT_SECURE_NO_WARNINGS. See online help for details.
                 c:\program files\microsoft visual studio 12.0\vc\include\stdio.h(283) : see declaration of 'scanf'
     1>c:\users\arefin\desktop\tanvir\sjf.cpp(22): error C2057: expected constant expression
     1>c:\users\arefin\desktop\tanvir\sjf.cpp(22): error C2466: cannot allocate an array of constant size 0
     1>c:\users\arefin\desktop\tanvir\sjf.cpp(22): error C2133: 'construct' : unknown size
         RR.cpp
     1>c:\users\arefin\desktop\tanvir\rr.cpp(23): error C4996: 'scanf': This function or variable may be unsafe. Consider using scanf_s instead. To disable deprecation, use _CRT_SECURE_NO_WARNINGS. See online help for details.
                 c:\program files\microsoft visual studio 12.0\vc\include\stdio.h(283) : see declaration of 'scanf'
     1>c:\users\arefin\desktop\tanvir\rr.cpp(24): error C2057: expected constant expression
     1>c:\users\arefin\desktop\tanvir\rr.cpp(24): error C2466: cannot allocate an array of constant size 0
     1>c:\users\arefin\desktop\tanvir\rr.cpp(24): error C2133: 'construct' : unknown size
         Generating Code...
     1>Done Building Project "D:\visual studio2013 works\AnilSirFile IO\tanvir\tanvir\tanvir.vcxproj" (Build target(s)) -- FAILED.

Build FAILED.

Time Elapsed 00:00:00.47
